-------------------------------------------------------------------------------
Test set: cn.qiandao.shengqianyoudao.ShengqianyoudaoApplicationTests
-------------------------------------------------------------------------------
Tests run: 4, Failures: 0, Errors: 1, Skipped: 0, Time elapsed: 61.804 s <<< FAILURE! - in cn.qiandao.shengqianyoudao.ShengqianyoudaoApplicationTests
contextLoads  Time elapsed: 42.639 s  <<< ERROR!
java.lang.Exception: getStoreStorage fail, errno code: 0
	at cn.qiandao.shengqianyoudao.ShengqianyoudaoApplicationTests.contextLoads(ShengqianyoudaoApplicationTests.java:81)

